2020-10-18 12:57:43,232     CRITICAL     client_log_config.py     Критическая ошибка
2020-10-18 12:57:43,232     ERROR        client_log_config.py     Ошибка
2020-10-18 12:57:43,232     DEBUG        client_log_config.py     Отладочная информация
2020-10-18 12:57:43,232     INFO         client_log_config.py     Информационное сообщение
2020-10-18 12:59:27,545     CRITICAL     client_log_config.py     Критическая ошибка
2020-10-18 12:59:27,545     ERROR        client_log_config.py     Ошибка
2020-10-18 12:59:27,549     DEBUG        client_log_config.py     Отладочная информация
2020-10-18 12:59:27,549     INFO         client_log_config.py     Информационное сообщение
2020-10-18 14:28:35,248     INFO         client.py                Запущен клиент с парамертами: адрес сервера: 127.0.0.1, порт: 7777
2020-10-18 14:28:35,250     DEBUG        client.py                Сформировано presence сообщение для пользователя Guest
2020-10-18 14:28:35,252     DEBUG        client.py                Разбор сообщения от сервера: {'response': 200}
2020-10-18 14:28:35,253     INFO         client.py                Принят ответ от сервера 200 : OK
2020-10-18 14:36:52,621     INFO         client.py                Запущен клиент с парамертами: адрес сервера: 127.0.0.1, порт: 7777
2020-10-18 14:36:52,623     DEBUG        client.py                Сформировано presence сообщение для пользователя Guest
2020-10-18 14:36:52,624     DEBUG        client.py                Разбор сообщения от сервера: {'response': 200}
2020-10-18 14:36:52,624     INFO         client.py                Принят ответ от сервера 200 : OK
2020-10-18 15:07:35,131     INFO         client.py                Запущен клиент с парамертами: адрес сервера: 127.0.0.1, порт: 7777
2020-10-18 15:07:35,133     DEBUG        client.py                Сформировано presence сообщение для пользователя Guest
2020-10-18 15:07:35,134     ERROR        client.py                Не удалось декодировать полученную Json строку.
2020-10-18 15:07:35,280     INFO         client.py                Запущен клиент с парамертами: адрес сервера: 127.0.0.1, порт: 7777
2020-10-18 15:07:35,282     DEBUG        client.py                Сформировано presence сообщение для пользователя Guest
2020-10-18 15:07:35,284     INFO         client.py                Запущен клиент с парамертами: адрес сервера: 127.0.0.1, порт: 7777
2020-10-18 15:07:35,286     DEBUG        client.py                Сформировано presence сообщение для пользователя Guest
2020-10-18 15:07:35,283     ERROR        client.py                Не удалось декодировать полученную Json строку.
2020-10-18 15:07:35,287     ERROR        client.py                Не удалось декодировать полученную Json строку.
2020-10-18 15:07:35,299     INFO         client.py                Запущен клиент с парамертами: адрес сервера: 127.0.0.1, порт: 7777
2020-10-18 15:07:35,301     DEBUG        client.py                Сформировано presence сообщение для пользователя Guest
2020-10-18 15:07:35,302     ERROR        client.py                Не удалось декодировать полученную Json строку.
2020-10-18 15:07:35,371     INFO         client.py                Запущен клиент с парамертами: адрес сервера: 127.0.0.1, порт: 7777
2020-10-18 15:07:35,373     DEBUG        client.py                Сформировано presence сообщение для пользователя Guest
2020-10-18 15:07:35,374     ERROR        client.py                Не удалось декодировать полученную Json строку.
2020-10-18 15:16:20,273     INFO         client.py                Запущен клиент с парамертами: адрес сервера: 127.0.0.1, порт: 7777
2020-10-18 15:16:20,274     DEBUG        client.py                Сформировано presence сообщение для пользователя Guest
2020-10-18 15:16:20,275     ERROR        client.py                Не удалось декодировать полученную Json строку.
2020-10-18 15:24:17,960     INFO         client.py                Запущен клиент с парамертами: адрес сервера: 127.0.0.1, порт: 7777
2020-10-18 15:24:17,963     DEBUG        client.py                Сформировано presence сообщение для пользователя Guest
2020-10-18 15:24:17,965     DEBUG        client.py                Разбор сообщения от сервера: {'response': 200}
2020-10-18 15:24:17,965     INFO         client.py                Принят ответ от сервера 200 : OK
2020-10-18 15:26:05,663     CRITICAL     client_log_config.py     Критическая ошибка
2020-10-18 15:26:05,663     ERROR        client_log_config.py     Ошибка
2020-10-18 15:26:05,664     DEBUG        client_log_config.py     Отладочная информация
2020-10-18 15:26:05,664     INFO         client_log_config.py     Информационное сообщение
2020-10-18 15:26:22,710     INFO         client.py                Запущен клиент с парамертами: адрес сервера: 127.0.0.1, порт: 7777
2020-10-18 15:26:22,713     DEBUG        client.py                Сформировано presence сообщение для пользователя Guest
2020-10-18 15:26:22,714     DEBUG        client.py                Разбор сообщения от сервера: {'response': 200}
2020-10-18 15:26:22,715     INFO         client.py                Принят ответ от сервера 200 : OK
2020-10-18 15:29:33,840     INFO         client.py                Запущен клиент с парамертами: адрес сервера: 192.168.1.164, порт: 8079
2020-10-18 15:29:33,842     DEBUG        client.py                Сформировано presence сообщение для пользователя Guest
2020-10-18 15:29:33,843     DEBUG        client.py                Разбор сообщения от сервера: {'response': 200}
2020-10-18 15:29:33,843     INFO         client.py                Принят ответ от сервера 200 : OK
2020-10-18 15:30:41,994     INFO         client.py                Запущен клиент с парамертами: адрес сервера: 127.0.0.1, порт: 7777
2020-10-18 15:30:41,995     DEBUG        client.py                Сформировано presence сообщение для пользователя Guest
2020-10-18 15:30:41,996     DEBUG        client.py                Разбор сообщения от сервера: {'response': 200}
2020-10-18 15:30:41,997     INFO         client.py                Принят ответ от сервера 200 : OK
2020-10-18 23:24:29,419     INFO         client.py                Запущен клиент с парамертами: адрес сервера: 127.0.0.1, порт: 7777
2020-10-18 23:24:29,422     DEBUG        client.py                Сформировано presence сообщение для пользователя Guest
2020-10-18 23:24:29,423     DEBUG        client.py                Разбор сообщения от сервера: {'response': 200}
2020-10-18 23:24:29,424     INFO         client.py                Принят ответ от сервера 200 : OK
2020-10-21 20:29:26,729     INFO         client.py                Запущен клиент с парамертами: адрес сервера: 127.0.0.1, порт: 7777
2020-10-21 20:29:26,731     DEBUG        client.py                Сформировано presence сообщение для пользователя Guest
2020-10-21 20:29:26,734     DEBUG        client.py                Разбор сообщения от сервера: {'response': 200}
2020-10-21 20:29:26,736     INFO         client.py                Принят ответ от сервера 200 : OK
2020-10-21 20:32:38,790     DEBUG        decos.py                 Была вызвана функция create_arg_parser c параметрами (), {}. Вызов из модуля __main__. Вызов из функции main().Вызов из функции main
2020-10-21 20:32:38,791     INFO         client.py                Запущен клиент с парамертами: адрес сервера: 127.0.0.1, порт: 7777
2020-10-21 20:32:38,792     DEBUG        client.py                Сформировано presence сообщение для пользователя Guest
2020-10-21 20:32:38,793     DEBUG        decos.py                 Была вызвана функция create_presence c параметрами (), {}. Вызов из модуля __main__. Вызов из функции main().Вызов из функции main
2020-10-21 20:32:38,795     DEBUG        client.py                Разбор сообщения от сервера: {'response': 200}
2020-10-21 20:32:38,796     DEBUG        decos.py                 Была вызвана функция process_ans c параметрами ({'response': 200},), {}. Вызов из модуля __main__. Вызов из функции main().Вызов из функции main
2020-10-21 20:32:38,797     INFO         client.py                Принят ответ от сервера 200 : OK
2020-10-21 20:43:08,972     DEBUG        decos.py                 Была вызвана функция create_arg_parser c параметрами (), {}. Вызов из модуля __main__. Вызов из функции main().Вызов из функции main
2020-10-21 20:43:08,972     INFO         client.py                Запущен клиент с парамертами: адрес сервера: 127.0.0.1, порт: 7777
2020-10-21 20:43:08,974     DEBUG        client.py                Сформировано presence сообщение для пользователя Guest
2020-10-21 20:43:08,975     DEBUG        decos.py                 Была вызвана функция create_presence c параметрами (), {}. Вызов из модуля __main__. Вызов из функции main().Вызов из функции main
2020-10-21 20:43:08,977     DEBUG        client.py                Разбор сообщения от сервера: {'response': 200}
2020-10-21 20:43:08,978     DEBUG        decos.py                 Была вызвана функция process_ans c параметрами ({'response': 200},), {}. Вызов из модуля __main__. Вызов из функции main().Вызов из функции main
2020-10-21 20:43:08,979     INFO         client.py                Принят ответ от сервера 200 : OK
2020-10-21 21:02:51,442     DEBUG        decos.py                 Была вызвана функция create_arg_parser c параметрами (), {}. Вызов из модуля __main__. Вызов из функции main().Вызов из функции main
2020-10-21 21:02:51,442     INFO         client.py                Запущен клиент с парамертами: адрес сервера: 127.0.0.1, порт: 7777
2020-10-21 21:02:51,444     DEBUG        client.py                Сформировано presence сообщение для пользователя Guest
2020-10-21 21:02:51,445     DEBUG        decos.py                 Была вызвана функция create_presence c параметрами (), {}. Вызов из модуля __main__. Вызов из функции main().Вызов из функции main
2020-10-21 21:02:51,453     DEBUG        client.py                Разбор сообщения от сервера: {'response': 200}
2020-10-21 21:02:51,454     DEBUG        decos.py                 Была вызвана функция process_ans c параметрами ({'response': 200},), {}. Вызов из модуля __main__. Вызов из функции main().Вызов из функции main
2020-10-21 21:02:51,454     INFO         client.py                Принят ответ от сервера 200 : OK
2020-10-21 21:04:20,122     DEBUG        decos.py                 Была вызвана функция create_arg_parser c параметрами (), {}. Вызов из модуля __main__. Вызов из функции main().Вызов из функции main
2020-10-21 21:04:20,123     INFO         client.py                Запущен клиент с парамертами: адрес сервера: 127.0.0.1, порт: 7777
2020-10-21 21:04:20,124     DEBUG        client.py                Сформировано presence сообщение для пользователя Guest
2020-10-21 21:04:20,125     DEBUG        decos.py                 Была вызвана функция create_presence c параметрами (), {}. Вызов из модуля __main__. Вызов из функции main().Вызов из функции main
2020-10-21 21:04:20,127     DEBUG        client.py                Разбор сообщения от сервера: {'response': 200}
2020-10-21 21:04:20,128     DEBUG        decos.py                 Была вызвана функция process_ans c параметрами ({'response': 200},), {}. Вызов из модуля __main__. Вызов из функции main().Вызов из функции main
2020-10-21 21:04:20,128     INFO         client.py                Принят ответ от сервера 200 : OK
2020-10-21 21:05:31,347     DEBUG        decos.py                 Была вызвана функция create_arg_parser c параметрами (), {}. Вызов из модуля __main__. Вызов из функции main().Вызов из функции main
2020-10-21 21:05:31,348     INFO         client.py                Запущен клиент с парамертами: адрес сервера: 127.0.0.1, порт: 7777
2020-10-21 21:05:31,350     DEBUG        client.py                Сформировано presence сообщение для пользователя Guest
2020-10-21 21:05:31,351     DEBUG        decos.py                 Была вызвана функция create_presence c параметрами (), {}. Вызов из модуля __main__. Вызов из функции main().Вызов из функции main
2020-10-21 21:05:31,353     DEBUG        client.py                Разбор сообщения от сервера: {'response': 200}
2020-10-21 21:05:31,354     DEBUG        decos.py                 Была вызвана функция process_ans c параметрами ({'response': 200},), {}. Вызов из модуля __main__. Вызов из функции main().Вызов из функции main
2020-10-21 21:05:31,354     INFO         client.py                Принят ответ от сервера 200 : OK
2020-10-21 21:08:51,531     DEBUG        client.py                Была вызвана функция create_arg_parser c параметрами (), {}. Вызов из модуля __main__. Вызов из функции main().Вызов из функции main
2020-10-21 21:08:51,533     INFO         client.py                Запущен клиент с парамертами: адрес сервера: 127.0.0.1, порт: 7777
2020-10-21 21:08:51,535     DEBUG        client.py                Сформировано presence сообщение для пользователя Guest
2020-10-21 21:08:51,536     DEBUG        client.py                Была вызвана функция create_presence c параметрами (), {}. Вызов из модуля __main__. Вызов из функции main().Вызов из функции main
2020-10-21 21:08:51,539     DEBUG        client.py                Разбор сообщения от сервера: {'response': 200}
2020-10-21 21:08:51,541     DEBUG        client.py                Была вызвана функция process_ans c параметрами ({'response': 200},), {}. Вызов из модуля __main__. Вызов из функции main().Вызов из функции main
2020-10-21 21:08:51,541     INFO         client.py                Принят ответ от сервера 200 : OK
2020-10-21 21:12:32,530     DEBUG        client.py                Была вызвана функция create_arg_parser c параметрами (), {}. Вызов из модуля __main__. Вызов из функции main().Вызов из функции main
2020-10-21 21:12:32,531     INFO         client.py                Запущен клиент с парамертами: адрес сервера: 127.0.0.1, порт: 7777
2020-10-21 21:12:32,532     DEBUG        client.py                Сформировано presence сообщение для пользователя Guest
2020-10-21 21:12:32,534     DEBUG        client.py                Была вызвана функция create_presence c параметрами (), {}. Вызов из модуля __main__. Вызов из функции main().Вызов из функции main
2020-10-21 21:12:32,536     DEBUG        client.py                Разбор сообщения от сервера: {'response': 200}
2020-10-21 21:12:32,537     DEBUG        client.py                Была вызвана функция process_ans c параметрами ({'response': 200},), {}. Вызов из модуля __main__. Вызов из функции main().Вызов из функции main
2020-10-21 21:12:32,537     INFO         client.py                Принят ответ от сервера 200 : OK
2020-10-21 21:44:39,798     DEBUG        client.py                Была вызвана функция create_arg_parser c параметрами (), {}. Вызов из модуля __main__. Вызов из функции main().Вызов из функции main
2020-10-21 21:44:39,799     INFO         client.py                Запущен клиент с парамертами: адрес сервера: 127.0.0.1, порт: 7777
2020-10-21 21:44:39,801     DEBUG        client.py                Сформировано presence сообщение для пользователя Guest
2020-10-21 21:44:39,803     DEBUG        client.py                Была вызвана функция create_presence c параметрами (), {}. Вызов из модуля __main__. Вызов из функции main().Вызов из функции main
2020-10-21 21:44:39,806     DEBUG        client.py                Разбор сообщения от сервера: {'response': 200}
2020-10-21 21:44:39,808     DEBUG        client.py                Была вызвана функция process_ans c параметрами ({'response': 200},), {}. Вызов из модуля __main__. Вызов из функции main().Вызов из функции main
2020-10-21 21:44:39,808     INFO         client.py                Принят ответ от сервера 200 : OK
2020-10-22 22:03:17,828     DEBUG        client.py                Была вызвана функция create_arg_parser c параметрами (), {}. Вызов из модуля __main__. Вызов из функции main().Вызов из функции main
2020-10-22 22:03:17,832     INFO         client.py                Запущен клиент с парамертами: адрес сервера: 127.0.0.1, порт: 7777
2020-10-22 22:03:17,840     DEBUG        client.py                Сформировано presence сообщение для пользователя Guest
2020-10-22 22:03:17,848     DEBUG        client.py                Была вызвана функция create_presence c параметрами (), {}. Вызов из модуля __main__. Вызов из функции main().Вызов из функции main
2020-10-22 22:03:17,860     DEBUG        client.py                Разбор сообщения от сервера: {'response': 200}
2020-10-22 22:03:17,864     DEBUG        client.py                Была вызвана функция process_ans c параметрами ({'response': 200},), {}. Вызов из модуля __main__. Вызов из функции main().Вызов из функции main
2020-10-22 22:03:17,868     INFO         client.py                Принят ответ от сервера 200 : OK
